<?xml version="1.0" encoding="UTF-8"?>
<testng-results total="0" passed="0" failed="0" skipped="0">
  <reporter-output>
  </reporter-output>
  <suite started-at="2019-07-14T14:38:46Z" name="Selenium.Mavn_Cucumber.AppTest" finished-at="2019-07-14T14:38:46Z" duration-ms="2">
    <groups>
    </groups>
    <test started-at="2019-07-14T14:38:46Z" name="Command line test" finished-at="2019-07-14T14:38:46Z" duration-ms="2">
    </test> <!-- Command line test -->
  </suite> <!-- Selenium.Mavn_Cucumber.AppTest -->
</testng-results>
